Could not save font_manager cache [Errno 122] Disk quota exceeded
=== FineVideo-Phase7-Flattened (using hardcoded counts) ===

=== Sampling MixtureVitae-Omni ===
  Total compressed size: 36.17 GB, 7 files
  Streaming up to 5000 records from data/data/snac_emo_seed_0.jsonl.gz ...
  Sampled 5,000 records from 1 file, scale factor: 7.7x

=== Sampling valid_with_seed (1 shard of 64) ===
  64 shards, total compressed: 1232.95 GB
  Downloading shard 0 (19.61 GB)... this may take a while
  Counting tokens (up to 5000 records, handles nested tars)...
    2,000 records ...
    4,000 records ...
  Sampled 5,000 records from 1 shard, scale factor: 62.9x
  Token types found: seed=0, seed2=0, snac=0, cosmos=0

====================================================================================================
DATA INVENTORY SUMMARY
====================================================================================================
Dataset                             Records     Size      Seed2     Cosmos     AVC-LM      Agent       SNAC       Text        Total
-----------------------------------------------------------------------------------------------------------------------------------
FineVideo-VLA                        69,844    19.2G      89.9M     210.2M     474.4M     637.9M          —     362.5M        1.77B
MV-Omni                              38,474    36.2G       1.2M          —          —          —      19.7M      11.3M        0.03B
MV-Backup valid_with_seed           314,305  1233.0G          —          —          —          —          —       2.7M        0.00B
-----------------------------------------------------------------------------------------------------------------------------------
TOTAL                                                     91.1M     210.2M     474.4M     637.9M      19.7M     376.6M        1.81B

--- Not yet tokenized (excluded from charts) ---
  MV-Backup stack_images3_gzip:  200 GB compressed, raw images, needs seed2/cosmos tokenization
  SenseNova-SI-8M:               8M image-text pairs, Apache 2.0, needs tokenization
  stera-10m:                     10M egocentric video clips, restrictive license
  OmniAction:                    action-labeled video, CC-BY-NC-4.0

Charts saved to: /p/data1/mmlaion/nguyen38/3d-human-pose/tools/data_inventory_charts.png

Total runtime: 8s
