Loaded checkpoint (242 completed files): tools/inventory_checkpoint_v2.json

========================================================================
SECTION A: FineVideo-VLA flat JSONL (local)
========================================================================
  160 files in /p/data1/mmlaion/shared/vla/vla_adaptive
  [  1/160] SKIP flat_final_vla_adaptive_rank_0.jsonl (done)
  [  2/160] SKIP flat_final_vla_adaptive_rank_1.jsonl (done)
  [  3/160] SKIP flat_final_vla_adaptive_rank_10.jsonl (done)
  [  4/160] SKIP flat_final_vla_adaptive_rank_100.jsonl (done)
  [  5/160] SKIP flat_final_vla_adaptive_rank_101.jsonl (done)
  [  6/160] SKIP flat_final_vla_adaptive_rank_102.jsonl (done)
  [  7/160] SKIP flat_final_vla_adaptive_rank_103.jsonl (done)
  [  8/160] SKIP flat_final_vla_adaptive_rank_104.jsonl (done)
  [  9/160] SKIP flat_final_vla_adaptive_rank_105.jsonl (done)
  [ 10/160] SKIP flat_final_vla_adaptive_rank_106.jsonl (done)
  [ 11/160] SKIP flat_final_vla_adaptive_rank_107.jsonl (done)
  [ 12/160] SKIP flat_final_vla_adaptive_rank_108.jsonl (done)
  [ 13/160] SKIP flat_final_vla_adaptive_rank_109.jsonl (done)
  [ 14/160] SKIP flat_final_vla_adaptive_rank_11.jsonl (done)
  [ 15/160] SKIP flat_final_vla_adaptive_rank_110.jsonl (done)
  [ 16/160] SKIP flat_final_vla_adaptive_rank_111.jsonl (done)
  [ 17/160] SKIP flat_final_vla_adaptive_rank_112.jsonl (done)
  [ 18/160] SKIP flat_final_vla_adaptive_rank_113.jsonl (done)
  [ 19/160] SKIP flat_final_vla_adaptive_rank_114.jsonl (done)
  [ 20/160] SKIP flat_final_vla_adaptive_rank_115.jsonl (done)
  [ 21/160] SKIP flat_final_vla_adaptive_rank_116.jsonl (done)
  [ 22/160] SKIP flat_final_vla_adaptive_rank_117.jsonl (done)
  [ 23/160] SKIP flat_final_vla_adaptive_rank_118.jsonl (done)
  [ 24/160] SKIP flat_final_vla_adaptive_rank_119.jsonl (done)
  [ 25/160] SKIP flat_final_vla_adaptive_rank_12.jsonl (done)
  [ 26/160] SKIP flat_final_vla_adaptive_rank_120.jsonl (done)
  [ 27/160] SKIP flat_final_vla_adaptive_rank_121.jsonl (done)
  [ 28/160] SKIP flat_final_vla_adaptive_rank_122.jsonl (done)
  [ 29/160] SKIP flat_final_vla_adaptive_rank_123.jsonl (done)
  [ 30/160] SKIP flat_final_vla_adaptive_rank_124.jsonl (done)
  [ 31/160] SKIP flat_final_vla_adaptive_rank_125.jsonl (done)
  [ 32/160] SKIP flat_final_vla_adaptive_rank_126.jsonl (done)
  [ 33/160] SKIP flat_final_vla_adaptive_rank_127.jsonl (done)
  [ 34/160] SKIP flat_final_vla_adaptive_rank_128.jsonl (done)
  [ 35/160] SKIP flat_final_vla_adaptive_rank_129.jsonl (done)
  [ 36/160] SKIP flat_final_vla_adaptive_rank_13.jsonl (done)
  [ 37/160] SKIP flat_final_vla_adaptive_rank_130.jsonl (done)
  [ 38/160] SKIP flat_final_vla_adaptive_rank_131.jsonl (done)
  [ 39/160] SKIP flat_final_vla_adaptive_rank_132.jsonl (done)
  [ 40/160] SKIP flat_final_vla_adaptive_rank_133.jsonl (done)
  [ 41/160] SKIP flat_final_vla_adaptive_rank_134.jsonl (done)
  [ 42/160] SKIP flat_final_vla_adaptive_rank_135.jsonl (done)
  [ 43/160] SKIP flat_final_vla_adaptive_rank_136.jsonl (done)
  [ 44/160] SKIP flat_final_vla_adaptive_rank_137.jsonl (done)
  [ 45/160] SKIP flat_final_vla_adaptive_rank_138.jsonl (done)
  [ 46/160] SKIP flat_final_vla_adaptive_rank_139.jsonl (done)
  [ 47/160] SKIP flat_final_vla_adaptive_rank_14.jsonl (done)
  [ 48/160] SKIP flat_final_vla_adaptive_rank_140.jsonl (done)
  [ 49/160] SKIP flat_final_vla_adaptive_rank_141.jsonl (done)
  [ 50/160] SKIP flat_final_vla_adaptive_rank_142.jsonl (done)
  [ 51/160] SKIP flat_final_vla_adaptive_rank_143.jsonl (done)
  [ 52/160] SKIP flat_final_vla_adaptive_rank_144.jsonl (done)
  [ 53/160] SKIP flat_final_vla_adaptive_rank_145.jsonl (done)
  [ 54/160] SKIP flat_final_vla_adaptive_rank_146.jsonl (done)
  [ 55/160] SKIP flat_final_vla_adaptive_rank_147.jsonl (done)
  [ 56/160] SKIP flat_final_vla_adaptive_rank_148.jsonl (done)
  [ 57/160] SKIP flat_final_vla_adaptive_rank_149.jsonl (done)
  [ 58/160] SKIP flat_final_vla_adaptive_rank_15.jsonl (done)
  [ 59/160] SKIP flat_final_vla_adaptive_rank_150.jsonl (done)
  [ 60/160] SKIP flat_final_vla_adaptive_rank_151.jsonl (done)
  [ 61/160] SKIP flat_final_vla_adaptive_rank_152.jsonl (done)
  [ 62/160] SKIP flat_final_vla_adaptive_rank_153.jsonl (done)
  [ 63/160] SKIP flat_final_vla_adaptive_rank_154.jsonl (done)
  [ 64/160] SKIP flat_final_vla_adaptive_rank_155.jsonl (done)
  [ 65/160] SKIP flat_final_vla_adaptive_rank_156.jsonl (done)
  [ 66/160] SKIP flat_final_vla_adaptive_rank_157.jsonl (done)
  [ 67/160] SKIP flat_final_vla_adaptive_rank_158.jsonl (done)
  [ 68/160] SKIP flat_final_vla_adaptive_rank_159.jsonl (done)
  [ 69/160] SKIP flat_final_vla_adaptive_rank_16.jsonl (done)
  [ 70/160] SKIP flat_final_vla_adaptive_rank_17.jsonl (done)
  [ 71/160] SKIP flat_final_vla_adaptive_rank_18.jsonl (done)
  [ 72/160] SKIP flat_final_vla_adaptive_rank_19.jsonl (done)
  [ 73/160] SKIP flat_final_vla_adaptive_rank_2.jsonl (done)
  [ 74/160] SKIP flat_final_vla_adaptive_rank_20.jsonl (done)
  [ 75/160] SKIP flat_final_vla_adaptive_rank_21.jsonl (done)
  [ 76/160] SKIP flat_final_vla_adaptive_rank_22.jsonl (done)
  [ 77/160] SKIP flat_final_vla_adaptive_rank_23.jsonl (done)
  [ 78/160] SKIP flat_final_vla_adaptive_rank_24.jsonl (done)
  [ 79/160] SKIP flat_final_vla_adaptive_rank_25.jsonl (done)
  [ 80/160] SKIP flat_final_vla_adaptive_rank_26.jsonl (done)
  [ 81/160] SKIP flat_final_vla_adaptive_rank_27.jsonl (done)
  [ 82/160] SKIP flat_final_vla_adaptive_rank_28.jsonl (done)
  [ 83/160] SKIP flat_final_vla_adaptive_rank_29.jsonl (done)
  [ 84/160] SKIP flat_final_vla_adaptive_rank_3.jsonl (done)
  [ 85/160] SKIP flat_final_vla_adaptive_rank_30.jsonl (done)
  [ 86/160] SKIP flat_final_vla_adaptive_rank_31.jsonl (done)
  [ 87/160] SKIP flat_final_vla_adaptive_rank_32.jsonl (done)
  [ 88/160] SKIP flat_final_vla_adaptive_rank_33.jsonl (done)
  [ 89/160] SKIP flat_final_vla_adaptive_rank_34.jsonl (done)
  [ 90/160] SKIP flat_final_vla_adaptive_rank_35.jsonl (done)
  [ 91/160] SKIP flat_final_vla_adaptive_rank_36.jsonl (done)
  [ 92/160] SKIP flat_final_vla_adaptive_rank_37.jsonl (done)
  [ 93/160] SKIP flat_final_vla_adaptive_rank_38.jsonl (done)
  [ 94/160] SKIP flat_final_vla_adaptive_rank_39.jsonl (done)
  [ 95/160] SKIP flat_final_vla_adaptive_rank_4.jsonl (done)
  [ 96/160] SKIP flat_final_vla_adaptive_rank_40.jsonl (done)
  [ 97/160] SKIP flat_final_vla_adaptive_rank_41.jsonl (done)
  [ 98/160] SKIP flat_final_vla_adaptive_rank_42.jsonl (done)
  [ 99/160] SKIP flat_final_vla_adaptive_rank_43.jsonl (done)
  [100/160] SKIP flat_final_vla_adaptive_rank_44.jsonl (done)
  [101/160] SKIP flat_final_vla_adaptive_rank_45.jsonl (done)
  [102/160] SKIP flat_final_vla_adaptive_rank_46.jsonl (done)
  [103/160] SKIP flat_final_vla_adaptive_rank_47.jsonl (done)
  [104/160] SKIP flat_final_vla_adaptive_rank_48.jsonl (done)
  [105/160] SKIP flat_final_vla_adaptive_rank_49.jsonl (done)
  [106/160] SKIP flat_final_vla_adaptive_rank_5.jsonl (done)
  [107/160] SKIP flat_final_vla_adaptive_rank_50.jsonl (done)
  [108/160] SKIP flat_final_vla_adaptive_rank_51.jsonl (done)
  [109/160] SKIP flat_final_vla_adaptive_rank_52.jsonl (done)
  [110/160] SKIP flat_final_vla_adaptive_rank_53.jsonl (done)
  [111/160] SKIP flat_final_vla_adaptive_rank_54.jsonl (done)
  [112/160] SKIP flat_final_vla_adaptive_rank_55.jsonl (done)
  [113/160] SKIP flat_final_vla_adaptive_rank_56.jsonl (done)
  [114/160] SKIP flat_final_vla_adaptive_rank_57.jsonl (done)
  [115/160] SKIP flat_final_vla_adaptive_rank_58.jsonl (done)
  [116/160] SKIP flat_final_vla_adaptive_rank_59.jsonl (done)
  [117/160] SKIP flat_final_vla_adaptive_rank_6.jsonl (done)
  [118/160] SKIP flat_final_vla_adaptive_rank_60.jsonl (done)
  [119/160] SKIP flat_final_vla_adaptive_rank_61.jsonl (done)
  [120/160] SKIP flat_final_vla_adaptive_rank_62.jsonl (done)
  [121/160] SKIP flat_final_vla_adaptive_rank_63.jsonl (done)
  [122/160] SKIP flat_final_vla_adaptive_rank_64.jsonl (done)
  [123/160] SKIP flat_final_vla_adaptive_rank_65.jsonl (done)
  [124/160] SKIP flat_final_vla_adaptive_rank_66.jsonl (done)
  [125/160] SKIP flat_final_vla_adaptive_rank_67.jsonl (done)
  [126/160] SKIP flat_final_vla_adaptive_rank_68.jsonl (done)
  [127/160] SKIP flat_final_vla_adaptive_rank_69.jsonl (done)
  [128/160] SKIP flat_final_vla_adaptive_rank_7.jsonl (done)
  [129/160] SKIP flat_final_vla_adaptive_rank_70.jsonl (done)
  [130/160] SKIP flat_final_vla_adaptive_rank_71.jsonl (done)
  [131/160] SKIP flat_final_vla_adaptive_rank_72.jsonl (done)
  [132/160] SKIP flat_final_vla_adaptive_rank_73.jsonl (done)
  [133/160] SKIP flat_final_vla_adaptive_rank_74.jsonl (done)
  [134/160] SKIP flat_final_vla_adaptive_rank_75.jsonl (done)
  [135/160] SKIP flat_final_vla_adaptive_rank_76.jsonl (done)
  [136/160] SKIP flat_final_vla_adaptive_rank_77.jsonl (done)
  [137/160] SKIP flat_final_vla_adaptive_rank_78.jsonl (done)
  [138/160] SKIP flat_final_vla_adaptive_rank_79.jsonl (done)
  [139/160] SKIP flat_final_vla_adaptive_rank_8.jsonl (done)
  [140/160] SKIP flat_final_vla_adaptive_rank_80.jsonl (done)
  [141/160] SKIP flat_final_vla_adaptive_rank_81.jsonl (done)
  [142/160] SKIP flat_final_vla_adaptive_rank_82.jsonl (done)
  [143/160] SKIP flat_final_vla_adaptive_rank_83.jsonl (done)
  [144/160] SKIP flat_final_vla_adaptive_rank_84.jsonl (done)
  [145/160] SKIP flat_final_vla_adaptive_rank_85.jsonl (done)
  [146/160] SKIP flat_final_vla_adaptive_rank_86.jsonl (done)
  [147/160] SKIP flat_final_vla_adaptive_rank_87.jsonl (done)
  [148/160] SKIP flat_final_vla_adaptive_rank_88.jsonl (done)
  [149/160] SKIP flat_final_vla_adaptive_rank_89.jsonl (done)
  [150/160] SKIP flat_final_vla_adaptive_rank_9.jsonl (done)
  [151/160] SKIP flat_final_vla_adaptive_rank_90.jsonl (done)
  [152/160] SKIP flat_final_vla_adaptive_rank_91.jsonl (done)
  [153/160] SKIP flat_final_vla_adaptive_rank_92.jsonl (done)
  [154/160] SKIP flat_final_vla_adaptive_rank_93.jsonl (done)
  [155/160] SKIP flat_final_vla_adaptive_rank_94.jsonl (done)
  [156/160] SKIP flat_final_vla_adaptive_rank_95.jsonl (done)
  [157/160] SKIP flat_final_vla_adaptive_rank_96.jsonl (done)
  [158/160] SKIP flat_final_vla_adaptive_rank_97.jsonl (done)
  [159/160] SKIP flat_final_vla_adaptive_rank_98.jsonl (done)
  [160/160] SKIP flat_final_vla_adaptive_rank_99.jsonl (done)

  FineVideo-VLA TOTAL: seed2=89.9M, cosmos=210.2M, avclm=474.4M, agent=564.9M, text=11.4M

========================================================================
SECTION B: valid_with_seed (64 HF shards, download → scan → keep)
  Saving shards to: /p/data1/mmlaion/nguyen38/inventory_cache/hf_shards
========================================================================
  [ 1/64] SKIP valid_with_seed_shard_00000.tar.gz (done)
  [ 2/64] SKIP valid_with_seed_shard_00001.tar.gz (done)
  [ 3/64] SKIP valid_with_seed_shard_00002.tar.gz (done)
  [ 4/64] SKIP valid_with_seed_shard_00003.tar.gz (done)
  [ 5/64] SKIP valid_with_seed_shard_00004.tar.gz (done)
  [ 6/64] SKIP valid_with_seed_shard_00005.tar.gz (done)
  [ 7/64] SKIP valid_with_seed_shard_00006.tar.gz (done)
  [ 8/64] SKIP valid_with_seed_shard_00007.tar.gz (done)
  [ 9/64] SKIP valid_with_seed_shard_00008.tar.gz (done)
  [10/64] SKIP valid_with_seed_shard_00009.tar.gz (done)
  [11/64] SKIP valid_with_seed_shard_00010.tar.gz (done)
  [12/64] SKIP valid_with_seed_shard_00011.tar.gz (done)
  [13/64] SKIP valid_with_seed_shard_00012.tar.gz (done)
  [14/64] SKIP valid_with_seed_shard_00013.tar.gz (done)
  [15/64] SKIP valid_with_seed_shard_00014.tar.gz (done)
  [16/64] SKIP valid_with_seed_shard_00015.tar.gz (done)
  [17/64] SKIP valid_with_seed_shard_00016.tar.gz (done)
  [18/64] SKIP valid_with_seed_shard_00017.tar.gz (done)
  [19/64] SKIP valid_with_seed_shard_00018.tar.gz (done)
  [20/64] SKIP valid_with_seed_shard_00019.tar.gz (done)
  [21/64] SKIP valid_with_seed_shard_00020.tar.gz (done)
  [22/64] SKIP valid_with_seed_shard_00021.tar.gz (done)
  [23/64] SKIP valid_with_seed_shard_00022.tar.gz (done)
  [24/64] SKIP valid_with_seed_shard_00023.tar.gz (done)
  [25/64] SKIP valid_with_seed_shard_00024.tar.gz (done)
  [26/64] SKIP valid_with_seed_shard_00025.tar.gz (done)
  [27/64] SKIP valid_with_seed_shard_00026.tar.gz (done)
  [28/64] SKIP valid_with_seed_shard_00027.tar.gz (done)
  [29/64] SKIP valid_with_seed_shard_00028.tar.gz (done)
  [30/64] SKIP valid_with_seed_shard_00029.tar.gz (done)
  [31/64] SKIP valid_with_seed_shard_00030.tar.gz (done)
  [32/64] SKIP valid_with_seed_shard_00031.tar.gz (done)
  [33/64] SKIP valid_with_seed_shard_00032.tar.gz (done)
  [34/64] SKIP valid_with_seed_shard_00033.tar.gz (done)
  [35/64] SKIP valid_with_seed_shard_00034.tar.gz (done)
  [36/64] SKIP valid_with_seed_shard_00035.tar.gz (done)
  [37/64] SKIP valid_with_seed_shard_00036.tar.gz (done)
  [38/64] SKIP valid_with_seed_shard_00037.tar.gz (done)
  [39/64] SKIP valid_with_seed_shard_00038.tar.gz (done)
  [40/64] SKIP valid_with_seed_shard_00039.tar.gz (done)
  [41/64] SKIP valid_with_seed_shard_00040.tar.gz (done)
  [42/64] SKIP valid_with_seed_shard_00041.tar.gz (done)
  [43/64] SKIP valid_with_seed_shard_00042.tar.gz (done)
  [44/64] SKIP valid_with_seed_shard_00043.tar.gz (done)
  [45/64] SKIP valid_with_seed_shard_00044.tar.gz (done)
  [46/64] SKIP valid_with_seed_shard_00045.tar.gz (done)
  [47/64] SKIP valid_with_seed_shard_00046.tar.gz (done)
  [48/64] SKIP valid_with_seed_shard_00047.tar.gz (done)
  [49/64] SKIP valid_with_seed_shard_00048.tar.gz (done)
  [50/64] SKIP valid_with_seed_shard_00049.tar.gz (done)
  [51/64] SKIP valid_with_seed_shard_00050.tar.gz (done)
  [52/64] SKIP valid_with_seed_shard_00051.tar.gz (done)
  [53/64] SKIP valid_with_seed_shard_00052.tar.gz (done)
  [54/64] SKIP valid_with_seed_shard_00053.tar.gz (done)
  [55/64] SKIP valid_with_seed_shard_00054.tar.gz (done)
  [56/64] SKIP valid_with_seed_shard_00055.tar.gz (done)
  [57/64] SKIP valid_with_seed_shard_00056.tar.gz (done)
  [58/64] SKIP valid_with_seed_shard_00057.tar.gz (done)
  [59/64] SKIP valid_with_seed_shard_00058.tar.gz (done)
  [60/64] SKIP valid_with_seed_shard_00059.tar.gz (done)
  [61/64] SKIP valid_with_seed_shard_00060.tar.gz (done)
  [62/64] SKIP valid_with_seed_shard_00061.tar.gz (done)
  [63/64] SKIP valid_with_seed_shard_00062.tar.gz (done)
  [64/64] SKIP valid_with_seed_shard_00063.tar.gz (done)

  valid_with_seed TOTAL: seed2=5.6M

========================================================================
SECTION C: stack_images3_gzip (local tar.gz archives)
========================================================================
  12 archives found
  [ 1/12] SKIP apple.stackexchange.com.tar.gz (done)
  [ 2/12] SKIP askubuntu.com.tar.gz (done)
  [ 3/12] SKIP blender.stackexchange.com.tar.gz (done)
  [ 4/12] SKIP diy.stackexchange.com.tar.gz (done)
  [ 5/12] SKIP electronics.stackexchange.com.tar.gz (done)
  [ 6/12] SKIP es.stackoverflow.com.tar.gz (done)
  [ 7/12] SKIP gis.stackexchange.com.tar.gz (done)
  [ 8/12] SKIP math.stackexchange.com.tar.gz (done)
  [ 9/12] SKIP mathematica.stackexchange.com.tar.gz (done)
  [10/12] SKIP physics.stackexchange.com.tar.gz (done)
  [11/12] SKIP ru.stackoverflow.com.tar.gz (done)
  [12/12] SKIP tex.stackexchange.com.tar.gz (done)

  stack_images3_gzip TOTAL: seed2=313.0K

========================================================================
SECTION D: valid_snac — MixtureVitae-Omni HF download
========================================================================
  [1/6] SKIP valid_snac_0.jsonl.gz (done)
  [2/6] SKIP valid_snac_1.jsonl.gz (done)
  [3/6] SKIP valid_snac_2.jsonl.gz (done)
  [4/6] SKIP valid_snac_3.jsonl.gz (done)
  [5/6] SKIP valid_snac_4.jsonl.gz (done)
  [6/6] SKIP valid_snac_5.jsonl.gz (done)

  valid_snac TOTAL: seed=19.2M, snac=4.92B, text=1.99B

==============================================================================================================
DATA INVENTORY SUMMARY
==============================================================================================================
  Dataset                                   seed2     seed   cosmos    avclm     snac    agent     text       TOTAL
--------------------------------------------------------------------------------------------------------------
  FineVideo-VLA                             89.9M        —   210.2M   474.4M        —   564.9M    11.4M       1.35B
  valid_with_seed (64 HF shards)             5.6M        —        —        —        —        —        —        5.6M
  stack_images3_gzip                       313.0K        —        —        —        —        —        —      313.0K
  valid_snac (MV-Omni)                          —    19.2M        —        —    4.92B        —    1.99B       6.93B
--------------------------------------------------------------------------------------------------------------
  TOTAL                                     95.8M    19.2M   210.2M   474.4M    4.92B   564.9M    2.00B       8.29B
==============================================================================================================

Chart saved → /p/data1/mmlaion/nguyen38/3d-human-pose/tools/data_inventory_charts.png

Total wall time: 0m05s
Checkpoint: tools/inventory_checkpoint_v2.json
